

================================================================
== Synthesis Summary Report of 'eventsToImage'
================================================================
+ General Information: 
    * Date:           Mon Sep  6 14:13:51 2021
    * Version:        2020.2 (Build 3064766 on Wed Nov 18 09:12:45 MST 2020)
    * Project:        EventsToImage
    * Solution:       solution1 (Vivado IP Flow Target)
    * Product family: zynq
    * Target device:  xc7z020-clg400-1
    

+ Performance & Resource Estimates: 
    
    PS: '+' for module; 'o' for loop; '*' for dataflow
    +--------------------+------+-------+---------+-----------+----------+---------+-------+----------+----------+----+-----------+----------+-----+
    |       Modules      | Issue|       | Latency |  Latency  | Iteration|         |  Trip |          |          |    |           |          |     |
    |       & Loops      | Type | Slack | (cycles)|    (ns)   |  Latency | Interval| Count | Pipelined|   BRAM   | DSP|     FF    |    LUT   | URAM|
    +--------------------+------+-------+---------+-----------+----------+---------+-------+----------+----------+----+-----------+----------+-----+
    |+ eventsToImage     |     -|  -0.58|    92775|  9.278e+05|         -|    92776|      -|        no|  30 (10%)|   -|  230 (~0%)|  663 (1%)|    -|
    | o VITIS_LOOP_17_1  |     -|  -7.30|    16384|  1.638e+05|         1|        1|  16384|       yes|         -|   -|          -|         -|    -|
    | o VITIS_LOOP_29_2  |    II|  -7.30|    60000|  6.000e+05|         4|        3|  20000|       yes|         -|   -|          -|         -|    -|
    | o VITIS_LOOP_74_3  |     -|  -7.30|    16385|  1.638e+05|         3|        1|  16384|       yes|         -|   -|          -|         -|    -|
    +--------------------+------+-------+---------+-----------+----------+---------+-------+----------+----------+----+-----------+----------+-----+

